<?xml version="1.0" encoding="UTF-8"?>
<!-- Generated by org.testng.reporters.JUnitReportReporter -->
<testsuite hostname="DESKTOP-7L6H08Q" name="runner.TestRunner" tests="1" failures="0" timestamp="8 Dec 2020 15:19:05 GMT" time="82.832" errors="0">
  <testcase name="feature" time="82.832" classname="runner.TestRunner"/>
</testsuite> <!-- runner.TestRunner -->
